<?xml version="1.0" encoding="UTF-8"?>
<!-- Generated by org.testng.reporters.JUnitXMLReporter -->
<testsuite hostname="sureerat-VirtualBox" name="Surefire test" tests="11" failures="0" timestamp="15 Dec 2018 10:35:32 GMT" time="4.965" errors="0">
  <testcase name="testTangent on testTangent(com.calculator_fumie_sureerat.CalculatorActionListenerTest)" time="0.737" classname="com.calculator_fumie_sureerat.CalculatorActionListenerTest"/>
  <testcase name="testMod on testMod(com.calculator_fumie_sureerat.CalculatorActionListenerTest)" time="0.365" classname="com.calculator_fumie_sureerat.CalculatorActionListenerTest"/>
  <testcase name="testSine on testSine(com.calculator_fumie_sureerat.CalculatorActionListenerTest)" time="0.323" classname="com.calculator_fumie_sureerat.CalculatorActionListenerTest"/>
  <testcase name="testSqrt on testSqrt(com.calculator_fumie_sureerat.CalculatorActionListenerTest)" time="0.214" classname="com.calculator_fumie_sureerat.CalculatorActionListenerTest"/>
  <testcase name="testX2 on testX2(com.calculator_fumie_sureerat.CalculatorActionListenerTest)" time="0.159" classname="com.calculator_fumie_sureerat.CalculatorActionListenerTest"/>
  <testcase name="testX3 on testX3(com.calculator_fumie_sureerat.CalculatorActionListenerTest)" time="0.223" classname="com.calculator_fumie_sureerat.CalculatorActionListenerTest"/>
  <testcase name="testMultiplication on testMultiplication(com.calculator_fumie_sureerat.CalculatorActionListenerTest)" time="0.2" classname="com.calculator_fumie_sureerat.CalculatorActionListenerTest"/>
  <testcase name="testAddition on testAddition(com.calculator_fumie_sureerat.CalculatorActionListenerTest)" time="0.15" classname="com.calculator_fumie_sureerat.CalculatorActionListenerTest"/>
  <testcase name="testSubstraction on testSubstraction(com.calculator_fumie_sureerat.CalculatorActionListenerTest)" time="0.155" classname="com.calculator_fumie_sureerat.CalculatorActionListenerTest"/>
  <testcase name="testDivision on testDivision(com.calculator_fumie_sureerat.CalculatorActionListenerTest)" time="0.23" classname="com.calculator_fumie_sureerat.CalculatorActionListenerTest"/>
  <testcase name="testCosine on testCosine(com.calculator_fumie_sureerat.CalculatorActionListenerTest)" time="0.129" classname="com.calculator_fumie_sureerat.CalculatorActionListenerTest"/>
</testsuite> <!-- Surefire test -->
