<?xml version="1.0" encoding="UTF-8"?>
<testng-results skipped="0" failed="0" total="11" passed="11">
  <reporter-output>
  </reporter-output>
  <suite name="Surefire suite" duration-ms="4965" started-at="2018-12-15T10:35:26Z" finished-at="2018-12-15T10:35:31Z">
    <groups>
    </groups>
    <test name="Surefire test" duration-ms="4965" started-at="2018-12-15T10:35:26Z" finished-at="2018-12-15T10:35:31Z">
      <class name="com.calculator_fumie_sureerat.CalculatorActionListenerTest">
        <test-method status="PASS" signature="testTangent()[pri:0, instance:testTangent(com.calculator_fumie_sureerat.CalculatorActionListenerTest)]" name="testTangent" duration-ms="737" started-at="2018-12-15T11:35:28Z" finished-at="2018-12-15T11:35:28Z">
          <reporter-output>
          </reporter-output>
        </test-method> <!-- testTangent -->
        <test-method status="PASS" signature="testMod()[pri:0, instance:testMod(com.calculator_fumie_sureerat.CalculatorActionListenerTest)]" name="testMod" duration-ms="365" started-at="2018-12-15T11:35:29Z" finished-at="2018-12-15T11:35:29Z">
          <reporter-output>
          </reporter-output>
        </test-method> <!-- testMod -->
        <test-method status="PASS" signature="testSine()[pri:0, instance:testSine(com.calculator_fumie_sureerat.CalculatorActionListenerTest)]" name="testSine" duration-ms="323" started-at="2018-12-15T11:35:29Z" finished-at="2018-12-15T11:35:30Z">
          <reporter-output>
          </reporter-output>
        </test-method> <!-- testSine -->
        <test-method status="PASS" signature="testSqrt()[pri:0, instance:testSqrt(com.calculator_fumie_sureerat.CalculatorActionListenerTest)]" name="testSqrt" duration-ms="214" started-at="2018-12-15T11:35:30Z" finished-at="2018-12-15T11:35:30Z">
          <reporter-output>
          </reporter-output>
        </test-method> <!-- testSqrt -->
        <test-method status="PASS" signature="testX2()[pri:0, instance:testX2(com.calculator_fumie_sureerat.CalculatorActionListenerTest)]" name="testX2" duration-ms="159" started-at="2018-12-15T11:35:30Z" finished-at="2018-12-15T11:35:30Z">
          <reporter-output>
          </reporter-output>
        </test-method> <!-- testX2 -->
        <test-method status="PASS" signature="testX3()[pri:0, instance:testX3(com.calculator_fumie_sureerat.CalculatorActionListenerTest)]" name="testX3" duration-ms="223" started-at="2018-12-15T11:35:30Z" finished-at="2018-12-15T11:35:30Z">
          <reporter-output>
          </reporter-output>
        </test-method> <!-- testX3 -->
        <test-method status="PASS" signature="testMultiplication()[pri:0, instance:testMultiplication(com.calculator_fumie_sureerat.CalculatorActionListenerTest)]" name="testMultiplication" duration-ms="200" started-at="2018-12-15T11:35:30Z" finished-at="2018-12-15T11:35:31Z">
          <reporter-output>
          </reporter-output>
        </test-method> <!-- testMultiplication -->
        <test-method status="PASS" signature="testAddition()[pri:0, instance:testAddition(com.calculator_fumie_sureerat.CalculatorActionListenerTest)]" name="testAddition" duration-ms="150" started-at="2018-12-15T11:35:31Z" finished-at="2018-12-15T11:35:31Z">
          <reporter-output>
          </reporter-output>
        </test-method> <!-- testAddition -->
        <test-method status="PASS" signature="testSubstraction()[pri:0, instance:testSubstraction(com.calculator_fumie_sureerat.CalculatorActionListenerTest)]" name="testSubstraction" duration-ms="155" started-at="2018-12-15T11:35:31Z" finished-at="2018-12-15T11:35:31Z">
          <reporter-output>
          </reporter-output>
        </test-method> <!-- testSubstraction -->
        <test-method status="PASS" signature="testDivision()[pri:0, instance:testDivision(com.calculator_fumie_sureerat.CalculatorActionListenerTest)]" name="testDivision" duration-ms="230" started-at="2018-12-15T11:35:31Z" finished-at="2018-12-15T11:35:31Z">
          <reporter-output>
          </reporter-output>
        </test-method> <!-- testDivision -->
        <test-method status="PASS" signature="testCosine()[pri:0, instance:testCosine(com.calculator_fumie_sureerat.CalculatorActionListenerTest)]" name="testCosine" duration-ms="129" started-at="2018-12-15T11:35:31Z" finished-at="2018-12-15T11:35:31Z">
          <reporter-output>
          </reporter-output>
        </test-method> <!-- testCosine -->
      </class> <!-- com.calculator_fumie_sureerat.CalculatorActionListenerTest -->
    </test> <!-- Surefire test -->
  </suite> <!-- Surefire suite -->
</testng-results>
